<?xml version="1.0" encoding="UTF-8"?>
<testng-results total="1" passed="1" failed="0" skipped="0">
  <reporter-output>
  </reporter-output>
  <suite started-at="2025-02-26T02:46:05Z" name="Surefire suite" finished-at="2025-02-26T02:46:05Z" duration-ms="23">
    <groups>
    </groups>
    <test started-at="2025-02-26T02:46:05Z" name="Surefire test" finished-at="2025-02-26T02:46:05Z" duration-ms="23">
      <class name="test.com.itexps.CalculatorTest">
        <test-method is-config="true" signature="setUpClass()[pri:0, instance:test.com.itexps.CalculatorTest@133e16fd]" started-at="2025-02-25T20:46:05Z" name="setUpClass" finished-at="2025-02-25T20:46:05Z" duration-ms="7" status="PASS">
          <reporter-output>
          </reporter-output>
        </test-method> <!-- setUpClass -->
        <test-method is-config="true" signature="setUpMethod()[pri:0, instance:test.com.itexps.CalculatorTest@133e16fd]" started-at="2025-02-25T20:46:05Z" name="setUpMethod" finished-at="2025-02-25T20:46:05Z" duration-ms="2" status="PASS">
          <reporter-output>
          </reporter-output>
        </test-method> <!-- setUpMethod -->
        <test-method signature="testAdd()[pri:0, instance:test.com.itexps.CalculatorTest@133e16fd]" started-at="2025-02-25T20:46:05Z" name="testAdd" finished-at="2025-02-25T20:46:05Z" duration-ms="3" status="PASS">
          <reporter-output>
          </reporter-output>
        </test-method> <!-- testAdd -->
        <test-method is-config="true" signature="tearDownMethod()[pri:0, instance:test.com.itexps.CalculatorTest@133e16fd]" started-at="2025-02-25T20:46:05Z" name="tearDownMethod" finished-at="2025-02-25T20:46:05Z" duration-ms="0" status="PASS">
          <reporter-output>
          </reporter-output>
        </test-method> <!-- tearDownMethod -->
        <test-method is-config="true" signature="tearDownClass()[pri:0, instance:test.com.itexps.CalculatorTest@133e16fd]" started-at="2025-02-25T20:46:05Z" name="tearDownClass" finished-at="2025-02-25T20:46:05Z" duration-ms="1" status="PASS">
          <reporter-output>
          </reporter-output>
        </test-method> <!-- tearDownClass -->
      </class> <!-- test.com.itexps.CalculatorTest -->
    </test> <!-- Surefire test -->
  </suite> <!-- Surefire suite -->
</testng-results>
